--------------------------------------------------------------------------------
Release 14.7 Trace  (nt64)
Copyright (c) 1995-2013 Xilinx, Inc.  All rights reserved.

C:\Xilinx\14.7\ISE_DS\ISE\bin\nt64\unwrapped\trce.exe -intstyle ise -v 3 -s 4
-n 3 -fastpaths -xml nbit_shiftreg_parallel_load.twx
nbit_shiftreg_parallel_load.ncd -o nbit_shiftreg_parallel_load.twr
nbit_shiftreg_parallel_load.pcf -ucf nbit_shiftreg_parallel_load.ucf

Design file:              nbit_shiftreg_parallel_load.ncd
Physical constraint file: nbit_shiftreg_parallel_load.pcf
Device,package,speed:     xc3s500e,ft256,-4 (PRODUCTION 1.27 2013-10-13)
Report level:             verbose report

Environment Variable      Effect 
--------------------      ------ 
NONE                      No environment variables were set
--------------------------------------------------------------------------------

INFO:Timing:2698 - No timing constraints found, doing default enumeration.
INFO:Timing:3412 - To improve timing, see the Timing Closure User Guide (UG612).
INFO:Timing:2752 - To get complete path coverage, use the unconstrained paths 
   option. All paths that are not constrained will be reported in the 
   unconstrained paths section(s) of the report.
INFO:Timing:3339 - The clock-to-out numbers in this timing report are based on 
   a 50 Ohm transmission line loading model.  For the details of this model, 
   and for more information on accounting for different loading conditions, 
   please see the device datasheet.
INFO:Timing:3390 - This architecture does not support a default System Jitter 
   value, please add SYSTEM_JITTER constraint to the UCF to modify the Clock 
   Uncertainty calculation.
INFO:Timing:3389 - This architecture does not support 'Discrete Jitter' and 
   'Phase Error' calculations, these terms will be zero in the Clock 
   Uncertainty calculation.  Please make appropriate modification to 
   SYSTEM_JITTER to account for the unsupported Discrete Jitter and Phase 
   Error.



Data Sheet report:
-----------------
All values displayed in nanoseconds (ns)

Setup/Hold to clock CLK
------------+------------+------------+------------------+--------+
            |Max Setup to|Max Hold to |                  | Clock  |
Source      | clk (edge) | clk (edge) |Internal Clock(s) | Phase  |
------------+------------+------------+------------------+--------+
D_inputs<0> |    3.829(R)|   -0.945(R)|CLK_BUFGP         |   0.000|
D_inputs<1> |    2.173(R)|   -0.527(R)|CLK_BUFGP         |   0.000|
D_inputs<2> |    1.856(R)|   -0.274(R)|CLK_BUFGP         |   0.000|
D_inputs<3> |    1.369(R)|    0.116(R)|CLK_BUFGP         |   0.000|
D_inputs<4> |    1.335(R)|    0.144(R)|CLK_BUFGP         |   0.000|
D_inputs<5> |    1.077(R)|    0.349(R)|CLK_BUFGP         |   0.000|
D_inputs<6> |    0.589(R)|    0.741(R)|CLK_BUFGP         |   0.000|
D_inputs<7> |    1.122(R)|    0.317(R)|CLK_BUFGP         |   0.000|
load_shift  |    1.958(R)|    0.604(R)|CLK_BUFGP         |   0.000|
shift_in    |    1.608(R)|    0.832(R)|CLK_BUFGP         |   0.000|
------------+------------+------------+------------------+--------+

Clock CLK to Pad
------------+------------+------------------+--------+
            | clk (edge) |                  | Clock  |
Destination |   to PAD   |Internal Clock(s) | Phase  |
------------+------------+------------------+--------+
Q_outputs<0>|    6.145(R)|CLK_BUFGP         |   0.000|
Q_outputs<1>|    7.995(R)|CLK_BUFGP         |   0.000|
Q_outputs<2>|    7.958(R)|CLK_BUFGP         |   0.000|
Q_outputs<3>|    7.808(R)|CLK_BUFGP         |   0.000|
Q_outputs<4>|    8.066(R)|CLK_BUFGP         |   0.000|
Q_outputs<5>|    8.583(R)|CLK_BUFGP         |   0.000|
Q_outputs<6>|    8.769(R)|CLK_BUFGP         |   0.000|
Q_outputs<7>|    8.056(R)|CLK_BUFGP         |   0.000|
------------+------------+------------------+--------+

Clock to Setup on destination clock CLK
---------------+---------+---------+---------+---------+
               | Src:Rise| Src:Fall| Src:Rise| Src:Fall|
Source Clock   |Dest:Rise|Dest:Rise|Dest:Fall|Dest:Fall|
---------------+---------+---------+---------+---------+
CLK            |    2.277|         |         |         |
---------------+---------+---------+---------+---------+


Analysis completed Thu Nov 02 10:52:08 2017 
--------------------------------------------------------------------------------

Trace Settings:
-------------------------
Trace Settings 

Peak Memory Usage: 163 MB



