--------------------------------------------------------------------------------
Release 14.7 Trace  (nt64)
Copyright (c) 1995-2013 Xilinx, Inc.  All rights reserved.

C:\Xilinx\14.7\ISE_DS\ISE\bin\nt64\unwrapped\trce.exe -intstyle ise -v 3 -s 4
-n 3 -fastpaths -xml nbit_twisted_ring_counter.twx
nbit_twisted_ring_counter.ncd -o nbit_twisted_ring_counter.twr
nbit_twisted_ring_counter.pcf -ucf nbit_twisted_ring_counter.ucf

Design file:              nbit_twisted_ring_counter.ncd
Physical constraint file: nbit_twisted_ring_counter.pcf
Device,package,speed:     xc3s500e,ft256,-4 (PRODUCTION 1.27 2013-10-13)
Report level:             verbose report

Environment Variable      Effect 
--------------------      ------ 
NONE                      No environment variables were set
--------------------------------------------------------------------------------

INFO:Timing:2698 - No timing constraints found, doing default enumeration.
INFO:Timing:3412 - To improve timing, see the Timing Closure User Guide (UG612).
INFO:Timing:2752 - To get complete path coverage, use the unconstrained paths 
   option. All paths that are not constrained will be reported in the 
   unconstrained paths section(s) of the report.
INFO:Timing:3339 - The clock-to-out numbers in this timing report are based on 
   a 50 Ohm transmission line loading model.  For the details of this model, 
   and for more information on accounting for different loading conditions, 
   please see the device datasheet.
INFO:Timing:3390 - This architecture does not support a default System Jitter 
   value, please add SYSTEM_JITTER constraint to the UCF to modify the Clock 
   Uncertainty calculation.
INFO:Timing:3389 - This architecture does not support 'Discrete Jitter' and 
   'Phase Error' calculations, these terms will be zero in the Clock 
   Uncertainty calculation.  Please make appropriate modification to 
   SYSTEM_JITTER to account for the unsupported Discrete Jitter and Phase 
   Error.



Data Sheet report:
-----------------
All values displayed in nanoseconds (ns)

Clock CLK to Pad
------------+------------+------------------+--------+
            | clk (edge) |                  | Clock  |
Destination |   to PAD   |Internal Clock(s) | Phase  |
------------+------------+------------------+--------+
Q_outputs<0>|    7.475(R)|CLK_BUFGP         |   0.000|
Q_outputs<1>|    7.195(R)|CLK_BUFGP         |   0.000|
Q_outputs<2>|    7.177(R)|CLK_BUFGP         |   0.000|
Q_outputs<3>|    7.481(R)|CLK_BUFGP         |   0.000|
Q_outputs<4>|    7.752(R)|CLK_BUFGP         |   0.000|
Q_outputs<5>|    7.709(R)|CLK_BUFGP         |   0.000|
Q_outputs<6>|    8.030(R)|CLK_BUFGP         |   0.000|
Q_outputs<7>|    7.811(R)|CLK_BUFGP         |   0.000|
------------+------------+------------------+--------+

Clock to Setup on destination clock CLK
---------------+---------+---------+---------+---------+
               | Src:Rise| Src:Fall| Src:Rise| Src:Fall|
Source Clock   |Dest:Rise|Dest:Rise|Dest:Fall|Dest:Fall|
---------------+---------+---------+---------+---------+
CLK            |    1.686|         |         |         |
---------------+---------+---------+---------+---------+


Analysis completed Thu Nov 02 11:17:48 2017 
--------------------------------------------------------------------------------

Trace Settings:
-------------------------
Trace Settings 

Peak Memory Usage: 163 MB



