lab8.q2                                                                                                                 PAGE 1
                         1     ; easy-to-use port names
  00B3                   2     RDpin equ 0xB3
  00B2                   3     WRpin equ 0xB2
  00B5                   4     A0pin equ 0xB5
  00B4                   5     A1pin equ 0xB4
                         6
                         7     ORG 8000h
                         8
                         9     start:
                        10
                        11     ; set WRpin'and RDpin' high (off)
8000 D2B3               12     SETB RDpin ; read signal
8002 D2B2               13     SETB WRpin ; write signal
                        14
                        15     ; set address to control register
8004 D2B5               16     SETB A0pin
8006 D2B4               17     SETB A1pin
                        18     ; set control word
8008 7481               19     MOV  A,#81h
800A F590               20     MOV  P1,A
                        21     ; send write pulse to 8255
800C 128038             22     LCALL write
                        23
                        24     ; set word to 0
800F 7400               25     MOV  A,#00h
8011 F590               26     MOV  P1,A
                        27
                        28     ; set port to write to (A)
8013 C2B5               29     CLR  A0pin
8015 C2B4               30     CLR  A1pin
                        31     ; send write pulse to 8255
8017 128038             32     LCALL write
                        33
                        34     ; set port to B
                        35     ;SETB A0pin
                        36     ;CLR  A1pin
                        37     ; send write pulse to 8255
                        38     ;LCALL write
                        39
                        40     ; set port to C
801A C2B5               41     CLR  A0pin
801C D2B4               42     SETB A1pin
                        43     ; send write pulse to 8255
801E 128038             44     LCALL write
                        45
                        46     ; clear registers (just to be on safe side)
8021 7800               47     MOV R0,#00h
8023 7900               48     MOV R1,#00h
8025 7A00               49     MOV R2,#00h
8027 7B00               50     MOV R3,#00h
                        51
                        52
                        53     ;------- Start Keypad Loop ---------
                        54
                        55     ; for testing purposes
8029 7802               56     MOV R0, #2
                        57
                        58     KLoop:
                        59
802B 7867               60             MOV R0,#0X67
802D 7977               61             MOV R1,#0X77
802F 7A4F               62             MOV R2,#0X4F
8031 7B79               63             MOV R3,#0X79
                        64
8033 1158               65     ACALL Display
                        66
8035 02802B             67     LJMP KLoop ;return to start of loop
                        68
                        69     ;------- End Keypad Loop ---------
                        70
                        71     write:
8038 C2B2               72             CLR WRpin;writing is active-low
803A 00                 73             NOP; wait for the write to complete
803B D2B2               74             SETB WRpin; WRITING done
803D 00                 75             NOP; let it settle
803E 22                 76             RET
                        77
                        78     write_C:
                        79             ;set PORT C
803F C2B5               80             CLR A0pin
8041 D2B4               81             SETB A1pin
8043 00                 82             NOP; wait for the 8255 to settle
8044 1138               83             ACALL write
8046 22                 84             RET
                        85     read:
8047 7590FF             86             MOV P1,#0FFH
804A C2B5               87             CLR A0pin
804C D2B4               88             SETB A1pin
804E 00                 89             NOP
804F C2B3               90             CLR RDpin ;readin is active-low
8051 00                 91             NOP
8052 E590               92             MOV A,P1
8054 D2B3               93             SETB RDpin
8056 00                 94             NOP
8057 22                 95             RET
                        96
                        97     ; TODO
                        98
                        99     display:
8058 E8                100         MOV   A,R0  ; load acc with first character
8059 F590              101         MOV   P1,A
805B C2B5              102         CLR   A0pin
805D C2B4              103         CLR   A1pin ; select Port A
805F 1138              104         ACALL write ; write character from acc to P1
                       105
8061 7401              106         MOV   A,#00000001b
8063 F590              107         MOV   P1,A
8065 C2B4              108         CLR   A1pin
8067 D2B5              109         SETB  A0pin ; select Port B
8069 1138              110         ACALL write ; enable first display module
806B 1280C9            111         LCALL delay
                       112
806E 7400              113         MOV   A,#00h
8070 F590              114         MOV   P1,A
8072 1138              115         ACALL write ; clear displayed character before moving on
                       116
                       117
                       118
8074 E9                119         MOV   A,R1  ; load acc with second character
8075 F590              120         MOV   P1,A
8077 C2B5              121         CLR   A0pin
8079 C2B4              122         CLR   A1pin ; select Port A
807B 1138              123         ACALL write ; write character from acc to P1
                       124
807D 7402              125         MOV   A,#00000010b
807F F590              126         MOV   P1,A
8081 C2B4              127         CLR   A1pin
8083 D2B5              128         SETB  A0pin ; select Port B
8085 1138              129         ACALL write ; enable second display module
8087 1280C9            130         LCALL delay
                       131
808A 7400              132         MOV   A,#00h
808C F590              133         MOV   P1,A
808E 1138              134         ACALL write ; clear displayed character before moving on
                       135
                       136
                       137
8090 EA                138         MOV   A,R2  ; load acc with third character
8091 F590              139         MOV   P1,A
8093 C2B5              140         CLR   A0pin
8095 C2B4              141         CLR   A1pin ; select Port A
8097 1138              142         ACALL write ; write character from acc to P1
                       143
8099 7404              144         MOV   A,#00000100b
809B F590              145         MOV   P1,A
809D C2B4              146         CLR   A1pin
809F D2B5              147         SETB  A0pin ; select Port B
80A1 1138              148         ACALL write ; enable third display module
80A3 1280C9            149         LCALL delay
                       150
80A6 7400              151         MOV   A,#00h
80A8 F590              152         MOV   P1,A
80AA 1138              153         ACALL write ; clear displayed character before moving on
                       154
                       155
                       156
80AC EB                157         MOV   A,R3  ; load acc with fourth character
80AD F590              158         MOV   P1,A
80AF C2B5              159         CLR   A0pin
80B1 C2B4              160         CLR   A1pin ; select Port A
80B3 1138              161         ACALL write ; write character from acc to P1
                       162
80B5 7408              163         MOV   A,#00001000b
80B7 F590              164         MOV   P1,A
80B9 C2B4              165         CLR   A1pin
80BB D2B5              166         SETB  A0pin ; select Port B
80BD 1138              167         ACALL write ; enable fourth display module
80BF 1280C9            168         LCALL delay
                       169
80C2 7400              170         MOV   A,#00h
80C4 F590              171         MOV   P1,A
80C6 1138              172         ACALL write ; clear displayed character before moving on
                       173
80C8 22                174         RET
                       175
                       176     delay:
80C9 74FF              177         MOV   A, #0ffh   ; delay a bit for...
                       178     dly:
80CB D5E0FD            179         DJNZ  acc, dly   ; ...for debouncing
80CE 22                180         RET
****WARNING: No instruction found at address 0x00. Consider usage of appropriate ORG directive to clarify correct code placement.
                       181
                       182     END
ASSEMBLY COMPLETE, NO ERRORS FOUND, 1 WARNING


ERROR SUMMARY:
Line 180, WARNING: No instruction found at address 0x00. Consider usage of appropriate ORG directive to clarify correct code placement.

SYMBOL TABLE:
??MCU_8051_IDE . . . . . . . . . . .  N  NUMB  8051H  NOT USED
??VERSION. . . . . . . . . . . . . .  N  NUMB  0147H  NOT USED
A0PIN. . . . . . . . . . . . . . . .  N  NUMB  00B5H
A1PIN. . . . . . . . . . . . . . . .  N  NUMB  00B4H
AC . . . . . . . . . . . . . . . . .  B  ADDR  00D6H  NOT USED
ACC. . . . . . . . . . . . . . . . .  D  ADDR  00E0H
ACSR . . . . . . . . . . . . . . . .  D  ADDR  0097H  NOT USED
ADCF . . . . . . . . . . . . . . . .  D  ADDR  00F6H  NOT USED
ADCLK. . . . . . . . . . . . . . . .  D  ADDR  00F2H  NOT USED
ADCON. . . . . . . . . . . . . . . .  D  ADDR  00F3H  NOT USED
ADDH . . . . . . . . . . . . . . . .  D  ADDR  00F5H  NOT USED
ADDL . . . . . . . . . . . . . . . .  D  ADDR  00F4H  NOT USED
AUXR . . . . . . . . . . . . . . . .  D  ADDR  008EH  NOT USED
AUXR1. . . . . . . . . . . . . . . .  D  ADDR  00A2H  NOT USED
B. . . . . . . . . . . . . . . . . .  D  ADDR  00F0H  NOT USED
BDRCON . . . . . . . . . . . . . . .  D  ADDR  009BH  NOT USED
BDRCON_1 . . . . . . . . . . . . . .  D  ADDR  009CH  NOT USED
BRL. . . . . . . . . . . . . . . . .  D  ADDR  009AH  NOT USED
CCAP0H . . . . . . . . . . . . . . .  D  ADDR  00FAH  NOT USED
CCAP0L . . . . . . . . . . . . . . .  D  ADDR  00EAH  NOT USED
CCAP1H . . . . . . . . . . . . . . .  D  ADDR  00FBH  NOT USED
CCAP1L . . . . . . . . . . . . . . .  D  ADDR  00EBH  NOT USED
CCAP2H . . . . . . . . . . . . . . .  D  ADDR  00FCH  NOT USED
CCAP3H . . . . . . . . . . . . . . .  D  ADDR  00FDH  NOT USED
CCAP4H . . . . . . . . . . . . . . .  D  ADDR  00FEH  NOT USED
CCAPL2H. . . . . . . . . . . . . . .  D  ADDR  00FCH  NOT USED
CCAPL2L. . . . . . . . . . . . . . .  D  ADDR  00ECH  NOT USED
CCAPL3H. . . . . . . . . . . . . . .  D  ADDR  00FDH  NOT USED
CCAPL3L. . . . . . . . . . . . . . .  D  ADDR  00EDH  NOT USED
CCAPL4H. . . . . . . . . . . . . . .  D  ADDR  00FEH  NOT USED
CCAPL4L. . . . . . . . . . . . . . .  D  ADDR  00EEH  NOT USED
CCAPM0 . . . . . . . . . . . . . . .  D  ADDR  00DAH  NOT USED
CCAPM1 . . . . . . . . . . . . . . .  D  ADDR  00DBH  NOT USED
CCAPM2 . . . . . . . . . . . . . . .  D  ADDR  00DCH  NOT USED
CCAPM3 . . . . . . . . . . . . . . .  D  ADDR  00DDH  NOT USED
CCAPM4 . . . . . . . . . . . . . . .  D  ADDR  00DEH  NOT USED
CCF0 . . . . . . . . . . . . . . . .  B  ADDR  00D8H  NOT USED
CCF1 . . . . . . . . . . . . . . . .  B  ADDR  00D9H  NOT USED
CCF2 . . . . . . . . . . . . . . . .  B  ADDR  00DAH  NOT USED
CCF3 . . . . . . . . . . . . . . . .  B  ADDR  00DBH  NOT USED
CCF4 . . . . . . . . . . . . . . . .  B  ADDR  00DCH  NOT USED
CCON . . . . . . . . . . . . . . . .  D  ADDR  00D8H  NOT USED
CFINT. . . . . . . . . . . . . . . .  C  ADDR  0033H  NOT USED
CH . . . . . . . . . . . . . . . . .  D  ADDR  00F9H  NOT USED
CKCON. . . . . . . . . . . . . . . .  D  ADDR  008FH  NOT USED
CKCON0 . . . . . . . . . . . . . . .  D  ADDR  008FH  NOT USED
CKRL . . . . . . . . . . . . . . . .  D  ADDR  0097H  NOT USED
CKSEL. . . . . . . . . . . . . . . .  D  ADDR  0085H  NOT USED
CL . . . . . . . . . . . . . . . . .  D  ADDR  00E9H  NOT USED
CLKREG . . . . . . . . . . . . . . .  D  ADDR  008FH  NOT USED
CMOD . . . . . . . . . . . . . . . .  D  ADDR  00D9H  NOT USED
CPRL2. . . . . . . . . . . . . . . .  B  ADDR  00C8H  NOT USED
CR . . . . . . . . . . . . . . . . .  B  ADDR  00DEH  NOT USED
CT2. . . . . . . . . . . . . . . . .  B  ADDR  00C9H  NOT USED
CY . . . . . . . . . . . . . . . . .  B  ADDR  00D7H  NOT USED
DELAY. . . . . . . . . . . . . . . .  C  ADDR  80C9H
DISPLAY. . . . . . . . . . . . . . .  C  ADDR  8058H
DLY. . . . . . . . . . . . . . . . .  C  ADDR  80CBH
DP0H . . . . . . . . . . . . . . . .  D  ADDR  0083H  NOT USED
DP0L . . . . . . . . . . . . . . . .  D  ADDR  0082H  NOT USED
DP1H . . . . . . . . . . . . . . . .  D  ADDR  0085H  NOT USED
DP1L . . . . . . . . . . . . . . . .  D  ADDR  0084H  NOT USED
DPH. . . . . . . . . . . . . . . . .  D  ADDR  0083H  NOT USED
DPL. . . . . . . . . . . . . . . . .  D  ADDR  0082H  NOT USED
EA . . . . . . . . . . . . . . . . .  B  ADDR  00AFH  NOT USED
EC . . . . . . . . . . . . . . . . .  B  ADDR  00AEH  NOT USED
EECON. . . . . . . . . . . . . . . .  D  ADDR  0096H  NOT USED
ES . . . . . . . . . . . . . . . . .  B  ADDR  00ACH  NOT USED
ET0. . . . . . . . . . . . . . . . .  B  ADDR  00A9H  NOT USED
ET1. . . . . . . . . . . . . . . . .  B  ADDR  00ABH  NOT USED
ET2. . . . . . . . . . . . . . . . .  B  ADDR  00ADH  NOT USED
EX0. . . . . . . . . . . . . . . . .  B  ADDR  00A8H  NOT USED
EX1. . . . . . . . . . . . . . . . .  B  ADDR  00AAH  NOT USED
EXEN2. . . . . . . . . . . . . . . .  B  ADDR  00CBH  NOT USED
EXF2 . . . . . . . . . . . . . . . .  B  ADDR  00CEH  NOT USED
EXTI0. . . . . . . . . . . . . . . .  C  ADDR  0003H  NOT USED
EXTI1. . . . . . . . . . . . . . . .  C  ADDR  0013H  NOT USED
F0 . . . . . . . . . . . . . . . . .  B  ADDR  00D5H  NOT USED
FE . . . . . . . . . . . . . . . . .  B  ADDR  009FH  NOT USED
IE . . . . . . . . . . . . . . . . .  D  ADDR  00A8H  NOT USED
IE0. . . . . . . . . . . . . . . . .  B  ADDR  0089H  NOT USED
IE1. . . . . . . . . . . . . . . . .  B  ADDR  008BH  NOT USED
INT0 . . . . . . . . . . . . . . . .  B  ADDR  00B2H  NOT USED
INT1 . . . . . . . . . . . . . . . .  B  ADDR  00B3H  NOT USED
IP . . . . . . . . . . . . . . . . .  D  ADDR  00B8H  NOT USED
IPH. . . . . . . . . . . . . . . . .  D  ADDR  00B7H  NOT USED
IPH0 . . . . . . . . . . . . . . . .  D  ADDR  00B7H  NOT USED
IPH1 . . . . . . . . . . . . . . . .  D  ADDR  00B3H  NOT USED
IPL0 . . . . . . . . . . . . . . . .  D  ADDR  00B8H  NOT USED
IPL1 . . . . . . . . . . . . . . . .  D  ADDR  00B2H  NOT USED
IT0. . . . . . . . . . . . . . . . .  B  ADDR  0088H  NOT USED
IT1. . . . . . . . . . . . . . . . .  B  ADDR  008AH  NOT USED
KBE. . . . . . . . . . . . . . . . .  D  ADDR  009DH  NOT USED
KBF. . . . . . . . . . . . . . . . .  D  ADDR  009EH  NOT USED
KBLS . . . . . . . . . . . . . . . .  D  ADDR  009CH  NOT USED
KLOOP. . . . . . . . . . . . . . . .  C  ADDR  802BH
OSCCON . . . . . . . . . . . . . . .  D  ADDR  0086H  NOT USED
OV . . . . . . . . . . . . . . . . .  B  ADDR  00D2H  NOT USED
P. . . . . . . . . . . . . . . . . .  B  ADDR  00D0H  NOT USED
P0 . . . . . . . . . . . . . . . . .  D  ADDR  0080H  NOT USED
P1 . . . . . . . . . . . . . . . . .  D  ADDR  0090H
P1M1 . . . . . . . . . . . . . . . .  D  ADDR  00D4H  NOT USED
P1M2 . . . . . . . . . . . . . . . .  D  ADDR  00E2H  NOT USED
P2 . . . . . . . . . . . . . . . . .  D  ADDR  00A0H  NOT USED
P3 . . . . . . . . . . . . . . . . .  D  ADDR  00B0H  NOT USED
P3M1 . . . . . . . . . . . . . . . .  D  ADDR  00D5H  NOT USED
P3M2 . . . . . . . . . . . . . . . .  D  ADDR  00E3H  NOT USED
P4 . . . . . . . . . . . . . . . . .  D  ADDR  00C0H  NOT USED
P4M1 . . . . . . . . . . . . . . . .  D  ADDR  00D6H  NOT USED
P4M2 . . . . . . . . . . . . . . . .  D  ADDR  00E4H  NOT USED
P5 . . . . . . . . . . . . . . . . .  D  ADDR  00E8H  NOT USED
PC . . . . . . . . . . . . . . . . .  B  ADDR  00BEH  NOT USED
PCON . . . . . . . . . . . . . . . .  D  ADDR  0087H  NOT USED
PPCL . . . . . . . . . . . . . . . .  B  ADDR  00BEH  NOT USED
PS . . . . . . . . . . . . . . . . .  B  ADDR  00BCH  NOT USED
PSL. . . . . . . . . . . . . . . . .  B  ADDR  00BCH  NOT USED
PSW. . . . . . . . . . . . . . . . .  D  ADDR  00D0H  NOT USED
PT0. . . . . . . . . . . . . . . . .  B  ADDR  00B9H  NOT USED
PT0L . . . . . . . . . . . . . . . .  B  ADDR  00B9H  NOT USED
PT1. . . . . . . . . . . . . . . . .  B  ADDR  00BBH  NOT USED
PT1L . . . . . . . . . . . . . . . .  B  ADDR  00BBH  NOT USED
PT2. . . . . . . . . . . . . . . . .  B  ADDR  00BDH  NOT USED
PT2L . . . . . . . . . . . . . . . .  B  ADDR  00BDH  NOT USED
PX0. . . . . . . . . . . . . . . . .  B  ADDR  00B8H  NOT USED
PX0L . . . . . . . . . . . . . . . .  B  ADDR  00B8H  NOT USED
PX1. . . . . . . . . . . . . . . . .  B  ADDR  00BAH  NOT USED
PX1L . . . . . . . . . . . . . . . .  B  ADDR  00BAH  NOT USED
RB8. . . . . . . . . . . . . . . . .  B  ADDR  009AH  NOT USED
RCAP2H . . . . . . . . . . . . . . .  D  ADDR  00CBH  NOT USED
RCAP2L . . . . . . . . . . . . . . .  D  ADDR  00CAH  NOT USED
RCLK . . . . . . . . . . . . . . . .  B  ADDR  00CDH  NOT USED
RD . . . . . . . . . . . . . . . . .  B  ADDR  00B7H  NOT USED
RDPIN. . . . . . . . . . . . . . . .  N  NUMB  00B3H
READ . . . . . . . . . . . . . . . .  C  ADDR  8047H  NOT USED
REN. . . . . . . . . . . . . . . . .  B  ADDR  009CH  NOT USED
RESET. . . . . . . . . . . . . . . .  C  ADDR  0000H  NOT USED
RI . . . . . . . . . . . . . . . . .  B  ADDR  0098H  NOT USED
RS0. . . . . . . . . . . . . . . . .  B  ADDR  00D3H  NOT USED
RS1. . . . . . . . . . . . . . . . .  B  ADDR  00D4H  NOT USED
RXD. . . . . . . . . . . . . . . . .  B  ADDR  00B0H  NOT USED
SADDR. . . . . . . . . . . . . . . .  D  ADDR  00A9H  NOT USED
SADDR_0. . . . . . . . . . . . . . .  D  ADDR  00A9H  NOT USED
SADDR_1. . . . . . . . . . . . . . .  D  ADDR  00AAH  NOT USED
SADEN. . . . . . . . . . . . . . . .  D  ADDR  00B9H  NOT USED
SADEN_0. . . . . . . . . . . . . . .  D  ADDR  00B9H  NOT USED
SADEN_1. . . . . . . . . . . . . . .  D  ADDR  00BAH  NOT USED
SBUF . . . . . . . . . . . . . . . .  D  ADDR  0099H  NOT USED
SCON . . . . . . . . . . . . . . . .  D  ADDR  0098H  NOT USED
SINT . . . . . . . . . . . . . . . .  C  ADDR  0023H  NOT USED
SM0. . . . . . . . . . . . . . . . .  B  ADDR  009FH  NOT USED
SM1. . . . . . . . . . . . . . . . .  B  ADDR  009EH  NOT USED
SM2. . . . . . . . . . . . . . . . .  B  ADDR  009DH  NOT USED
SP . . . . . . . . . . . . . . . . .  D  ADDR  0081H  NOT USED
SPCON. . . . . . . . . . . . . . . .  D  ADDR  00C3H  NOT USED
SPCR . . . . . . . . . . . . . . . .  D  ADDR  00D5H  NOT USED
SPDAT. . . . . . . . . . . . . . . .  D  ADDR  00C5H  NOT USED
SPDR . . . . . . . . . . . . . . . .  D  ADDR  0086H  NOT USED
SPSR . . . . . . . . . . . . . . . .  D  ADDR  00AAH  NOT USED
SPSTA. . . . . . . . . . . . . . . .  D  ADDR  00C4H  NOT USED
START. . . . . . . . . . . . . . . .  C  ADDR  8000H  NOT USED
T0 . . . . . . . . . . . . . . . . .  B  ADDR  00B4H  NOT USED
T1 . . . . . . . . . . . . . . . . .  B  ADDR  00B5H  NOT USED
T2CON. . . . . . . . . . . . . . . .  D  ADDR  00C8H  NOT USED
T2MOD. . . . . . . . . . . . . . . .  D  ADDR  00C9H  NOT USED
TB8. . . . . . . . . . . . . . . . .  B  ADDR  009BH  NOT USED
TCLK . . . . . . . . . . . . . . . .  B  ADDR  00CCH  NOT USED
TCON . . . . . . . . . . . . . . . .  D  ADDR  0088H  NOT USED
TF0. . . . . . . . . . . . . . . . .  B  ADDR  008DH  NOT USED
TF1. . . . . . . . . . . . . . . . .  B  ADDR  008FH  NOT USED
TF2. . . . . . . . . . . . . . . . .  B  ADDR  00CFH  NOT USED
TH0. . . . . . . . . . . . . . . . .  D  ADDR  008CH  NOT USED
TH1. . . . . . . . . . . . . . . . .  D  ADDR  008DH  NOT USED
TH2. . . . . . . . . . . . . . . . .  D  ADDR  00CDH  NOT USED
TI . . . . . . . . . . . . . . . . .  B  ADDR  0099H  NOT USED
TIMER0 . . . . . . . . . . . . . . .  C  ADDR  000BH  NOT USED
TIMER1 . . . . . . . . . . . . . . .  C  ADDR  001BH  NOT USED
TIMER2 . . . . . . . . . . . . . . .  C  ADDR  002BH  NOT USED
TL0. . . . . . . . . . . . . . . . .  D  ADDR  008AH  NOT USED
TL1. . . . . . . . . . . . . . . . .  D  ADDR  008BH  NOT USED
TL2. . . . . . . . . . . . . . . . .  D  ADDR  00CCH  NOT USED
TMOD . . . . . . . . . . . . . . . .  D  ADDR  0089H  NOT USED
TR0. . . . . . . . . . . . . . . . .  B  ADDR  008CH  NOT USED
TR1. . . . . . . . . . . . . . . . .  B  ADDR  008EH  NOT USED
TR2. . . . . . . . . . . . . . . . .  B  ADDR  00CAH  NOT USED
TXD. . . . . . . . . . . . . . . . .  B  ADDR  00B1H  NOT USED
WDTCON . . . . . . . . . . . . . . .  D  ADDR  00A7H  NOT USED
WDTPRG . . . . . . . . . . . . . . .  D  ADDR  00A7H  NOT USED
WDTRST . . . . . . . . . . . . . . .  D  ADDR  00A6H  NOT USED
WR . . . . . . . . . . . . . . . . .  B  ADDR  00B6H  NOT USED
WRITE. . . . . . . . . . . . . . . .  C  ADDR  8038H
WRITE_C. . . . . . . . . . . . . . .  C  ADDR  803FH  NOT USED
WRPIN. . . . . . . . . . . . . . . .  N  NUMB  00B2H