q1                                                                                                                      PAGE 1
                         1     ; easy-to-use port names
  00B3                   2     RDpin equ 0xB3
  00B2                   3     WRpin equ 0xB2
  00B5                   4     A0pin equ 0xB5
  00B4                   5     A1pin equ 0xB4
                         6
                         7     ORG 8000h; it is set up to be more than 8000h in orden to interface it using the hyperterm
                         8
8000 028200              9     LJMP start;Long jump to start label
                        10
                        11     ORG 8100h
                        12     ;Data base
8100 065B4F71           13     KCODE0: DB 06h,5Bh,4Fh,71h  ; 1, 2, 3, f
8104 666D7D79           14     KCODE1: DB 66h,6Dh,7Dh,79h  ; 4, 5, 6, e
8108 077F675E           15     KCODE2: DB 07h,7Fh,67h,5Eh  ; 7, 8, 9, d
810C 773F7C58           16     KCODE3: DB 77H,3Fh,7Ch,58h  ; a, 0, b, c
                        17
                        18     ORG 8200h
                        19     start:
                        20     ; set WRpin'and RDpin' high (off)
8200 D2B3               21     SETB RDpin ; read signal
8202 D2B2               22     SETB WRpin ; write signal
                        23
                        24     ; set address to control register
8204 D2B5               25     SETB A0pin
8206 D2B4               26     SETB A1pin
                        27
                        28     ; set control word
8208 7481               29     MOV  A,#81h
820A F590               30     MOV  P1,A
                        31
                        32     ; send write pulse to 8255
820C 1282A3             33     LCALL write
                        34
                        35     ; set word to 0
820F 7400               36     MOV  A,#00h
8211 F590               37     MOV  P1,A
                        38
                        39     ; set port to write to (A)
8213 C2B5               40     CLR  A0pin
8215 C2B4               41     CLR  A1pin
                        42     ; send write pulse to 8255
8217 1282A3             43     LCALL write
                        44
                        45     ; set port to B
821A D2B5               46     SETB A0pin
821C C2B4               47     CLR  A1pin
                        48     ; send write pulse to 8255
821E 1282A3             49     LCALL write
                        50
                        51     ; set port to C
8221 C2B5               52     CLR  A0pin
8223 D2B4               53     SETB A1pin
                        54     ; send write pulse to 8255
8225 1282A3             55     LCALL write
                        56
                        57     ; clear registers (just to be on safe side)
8228 7800               58     MOV R0,#00h
822A 7900               59     MOV R1,#00h
822C 7A00               60     MOV R2,#00h
822E 7B00               61     MOV R3,#00h
8230 7F00               62     MOV R7,#00h
8232 7E00               63     MOV R6,#00h
8234 7D00               64     MOV R5,#00h
                        65
                        66     ;------- Start Keypad Loop ---------
                        67
                        68     ; for testing purposes
                        69     Kloop:
                        70             ;LCALL delay1
8236 7590F0             71             MOV P1, #0xF0
8239 1282AA             72             LCALL write_c
823C 1282B2             73             LCALL read
823F B4F003             74             CJNE A, #0xF0, pressed
8242 0282C3             75             LJMP cont
                        76     ;Establish which key has been pressed
                        77     pressed:;Finding the right COLUMN
8245 7D00               78             MOV R5, #0 ; row with offset 1
8247 20E00F             79             JB A.0,row1
                        80
824A 7D01               81             MOV R5, #1 ; row with offset 1
824C 20E10A             82             JB A.1,row1
                        83
824F 7D02               84             MOV R5, #2 ; row with offset 1
8251 20E205             85             JB A.2,row1
                        86
8254 7D03               87             MOV R5, #3 ; row with offset 1
8256 20E300             88             JB A.3,row1
                        89     row1:
8259 75901F             90             MOV P1, #0x1F; find column
825C 1282AA             91             LCALL write_c
825F 1282B2             92             LCALL read
8262 908100             93             MOV DPTR,#KCODE0
8265 B41029             94             CJNE A, #0x10, load_data
8268 8000               95             SJMP row2
                        96     row2:
826A 75902F             97             MOV P1,#0x2F; find column
826D 1282AA             98             LCALL write_c
8270 1282B2             99             LCALL read
8273 908104            100             MOV DPTR,#KCODE1
8276 B42018            101             CJNE A,#0x20,load_data
8279 8000              102             SJMP row3
                       103     row3:
827B 75904F            104             MOV P1,#0x4F ; find column
827E 1282AA            105             LCALL write_c
8281 1282B2            106             LCALL read
8284 908108            107             MOV DPTR,#KCODE2
8287 B44007            108             CJNE A,#0x40, load_data
828A 8000              109             SJMP row4
                       110
                       111     row4:
828C 90810C            112             MOV DPTR,#KCODE3
828F 8000              113             SJMP load_data
                       114
                       115     load_data:
                       116
8291 ED                117             MOV A, R5
8292 93                118             MOVC A,@A+DPTR
8293 AB02              119             MOV R3,2
8295 AA01              120             MOV R2,1
8297 A900              121             MOV R1,0
8299 F8                122             MOV R0, A
                       123
829A 1282CA            124             LCALL display
829D 12833B            125             LCALL delay1; calling the long delay
82A0 028236            126             LJMP KLoop ;return to start of loop
                       127     ;------- End Keypad Loop ---------
                       128     write:
82A3 C2B2              129             CLR WRpin ; writing is active−low
82A5 00                130             NOP ; wait for the write to complete
82A6 D2B2              131             SETB WRpin ; writing done
82A8 00                132             NOP ; let it settle
82A9 22                133             RET
                       134     write_c:
                       135     ; set the port to C
82AA C2B5              136             CLR A0pin
82AC D2B4              137             SETB A1pin
82AE 00                138             NOP ; wait for the 8255 to settle
82AF 51A3              139             ACALL write ; execute the write
                       140
82B1 22                141             RET
                       142     read:
82B2 7590FF            143             MOV P1, #0FFH ; configure P1 as input
                       144     ; we always read from port C
82B5 C2B5              145             CLR A0pin
82B7 D2B4              146             SETB A1pin
82B9 00                147             NOP ; wait for the 8255 to settle
82BA C2B3              148             CLR RDpin ; reading is active−low
82BC 00                149             NOP ; wait for the 8255 to transmit the data
82BD E590              150             MOV A,P1 ; read the data from P1 into the accumulator
82BF D2B3              151             SETB RDpin ; reading done
82C1 00                152             NOP ; wait for the 8255 to settle
82C2 22                153             RET
                       154     cont:
                       155     ;Refresh the display
82C3 51CA              156             ACALL display
82C5 7144              157             ACALL delay
82C7 028236            158             LJMP KLoop ;return to start of loop
                       159     display:
82CA E8                160         MOV   A,R0  ; load acc with first character
82CB F590              161         MOV   P1,A
82CD C2B5              162         CLR   A0pin
82CF C2B4              163         CLR   A1pin ; select Port A
82D1 51A3              164         ACALL write ; write character from acc to P1
                       165
82D3 7401              166         MOV   A,#00000001b
82D5 F590              167         MOV   P1,A
82D7 C2B4              168         CLR   A1pin
82D9 D2B5              169         SETB  A0pin ; select Port B
82DB 51A3              170         ACALL write ; enable first display module
82DD 128344            171         LCALL delay
                       172
82E0 7400              173         MOV   A,#00h
82E2 F590              174         MOV   P1,A
82E4 51A3              175         ACALL write ; clear displayed character before moving on
                       176
                       177
82E6 E9                178         MOV   A,R1  ; load acc with second character
82E7 F590              179         MOV   P1,A
82E9 C2B5              180         CLR   A0pin
82EB C2B4              181         CLR   A1pin ; select Port A
82ED 51A3              182         ACALL write ; write character from acc to P1
                       183
82EF 7402              184         MOV   A,#00000010b
82F1 F590              185         MOV   P1,A
82F3 C2B4              186         CLR   A1pin
82F5 D2B5              187         SETB  A0pin ; select Port B
82F7 51A3              188         ACALL write ; enable second display module
82F9 128344            189         LCALL delay
                       190
82FC 7400              191         MOV   A,#00h
82FE F590              192         MOV   P1,A
8300 51A3              193         ACALL write ; clear displayed character before moving on
                       194
                       195
8302 EA                196         MOV   A,R2  ; load acc with third character
8303 F590              197         MOV   P1,A
8305 C2B5              198         CLR   A0pin
8307 C2B4              199         CLR   A1pin ; select Port A
8309 51A3              200         ACALL write ; write character from acc to P1
                       201
830B 7404              202         MOV   A,#00000100b
830D F590              203         MOV   P1,A
830F C2B4              204         CLR   A1pin
8311 D2B5              205         SETB  A0pin ; select Port B
8313 51A3              206         ACALL write ; enable third display module
8315 128344            207         LCALL delay
                       208
8318 7400              209         MOV   A,#00h
831A F590              210         MOV   P1,A
831C 51A3              211         ACALL write ; clear displayed character before moving on
                       212
                       213
831E EB                214         MOV   A,R3  ; load acc with fourth character
831F F590              215         MOV   P1,A
8321 C2B5              216         CLR   A0pin
8323 C2B4              217         CLR   A1pin ; select Port A
8325 51A3              218         ACALL write ; write character from acc to P1
                       219
8327 7408              220         MOV   A,#00001000b
8329 F590              221         MOV   P1,A
832B C2B4              222         CLR   A1pin
832D D2B5              223         SETB  A0pin ; select Port B
832F 51A3              224         ACALL write ; enable fourth display module
8331 128344            225         LCALL delay
                       226
8334 7400              227         MOV   A,#00h
8336 F590              228         MOV   P1,A
8338 51A3              229         ACALL write ; clear displayed character before moving on
                       230
833A 22                231         RET
                       232     delay1: ; creating a long delay using loop1 and loop2
833B 7EDF              233             MOV R6,#0xDF
833D 7FDF              234             MOV R7,#0xDF
833F DEFE              235     loop1:  DJNZ R6,loop1
8341 DFFC              236     loop2:  DJNZ R7,loop1
8343 22                237             RET
                       238     delay:
8344 74FF              239         MOV   A, #0xFF   ; delay a bit for...
                       240     dly:
8346 D5E0FD            241         DJNZ  acc, dly   ; ...for debouncing
8349 22                242         RET
****WARNING: No instruction found at address 0x00. Consider usage of appropriate ORG directive to clarify correct code placement.
                       243     END
ASSEMBLY COMPLETE, NO ERRORS FOUND, 1 WARNING


ERROR SUMMARY:
Line 242, WARNING: No instruction found at address 0x00. Consider usage of appropriate ORG directive to clarify correct code placement.

SYMBOL TABLE:
??MCU_8051_IDE . . . . . . . . . . .  N  NUMB  8051H  NOT USED
??VERSION. . . . . . . . . . . . . .  N  NUMB  0147H  NOT USED
A0PIN. . . . . . . . . . . . . . . .  N  NUMB  00B5H
A1PIN. . . . . . . . . . . . . . . .  N  NUMB  00B4H
AC . . . . . . . . . . . . . . . . .  B  ADDR  00D6H  NOT USED
ACC. . . . . . . . . . . . . . . . .  D  ADDR  00E0H
ACSR . . . . . . . . . . . . . . . .  D  ADDR  0097H  NOT USED
ADCF . . . . . . . . . . . . . . . .  D  ADDR  00F6H  NOT USED
ADCLK. . . . . . . . . . . . . . . .  D  ADDR  00F2H  NOT USED
ADCON. . . . . . . . . . . . . . . .  D  ADDR  00F3H  NOT USED
ADDH . . . . . . . . . . . . . . . .  D  ADDR  00F5H  NOT USED
ADDL . . . . . . . . . . . . . . . .  D  ADDR  00F4H  NOT USED
AUXR . . . . . . . . . . . . . . . .  D  ADDR  008EH  NOT USED
AUXR1. . . . . . . . . . . . . . . .  D  ADDR  00A2H  NOT USED
B. . . . . . . . . . . . . . . . . .  D  ADDR  00F0H  NOT USED
BDRCON . . . . . . . . . . . . . . .  D  ADDR  009BH  NOT USED
BDRCON_1 . . . . . . . . . . . . . .  D  ADDR  009CH  NOT USED
BRL. . . . . . . . . . . . . . . . .  D  ADDR  009AH  NOT USED
CCAP0H . . . . . . . . . . . . . . .  D  ADDR  00FAH  NOT USED
CCAP0L . . . . . . . . . . . . . . .  D  ADDR  00EAH  NOT USED
CCAP1H . . . . . . . . . . . . . . .  D  ADDR  00FBH  NOT USED
CCAP1L . . . . . . . . . . . . . . .  D  ADDR  00EBH  NOT USED
CCAP2H . . . . . . . . . . . . . . .  D  ADDR  00FCH  NOT USED
CCAP3H . . . . . . . . . . . . . . .  D  ADDR  00FDH  NOT USED
CCAP4H . . . . . . . . . . . . . . .  D  ADDR  00FEH  NOT USED
CCAPL2H. . . . . . . . . . . . . . .  D  ADDR  00FCH  NOT USED
CCAPL2L. . . . . . . . . . . . . . .  D  ADDR  00ECH  NOT USED
CCAPL3H. . . . . . . . . . . . . . .  D  ADDR  00FDH  NOT USED
CCAPL3L. . . . . . . . . . . . . . .  D  ADDR  00EDH  NOT USED
CCAPL4H. . . . . . . . . . . . . . .  D  ADDR  00FEH  NOT USED
CCAPL4L. . . . . . . . . . . . . . .  D  ADDR  00EEH  NOT USED
CCAPM0 . . . . . . . . . . . . . . .  D  ADDR  00DAH  NOT USED
CCAPM1 . . . . . . . . . . . . . . .  D  ADDR  00DBH  NOT USED
CCAPM2 . . . . . . . . . . . . . . .  D  ADDR  00DCH  NOT USED
CCAPM3 . . . . . . . . . . . . . . .  D  ADDR  00DDH  NOT USED
CCAPM4 . . . . . . . . . . . . . . .  D  ADDR  00DEH  NOT USED
CCF0 . . . . . . . . . . . . . . . .  B  ADDR  00D8H  NOT USED
CCF1 . . . . . . . . . . . . . . . .  B  ADDR  00D9H  NOT USED
CCF2 . . . . . . . . . . . . . . . .  B  ADDR  00DAH  NOT USED
CCF3 . . . . . . . . . . . . . . . .  B  ADDR  00DBH  NOT USED
CCF4 . . . . . . . . . . . . . . . .  B  ADDR  00DCH  NOT USED
CCON . . . . . . . . . . . . . . . .  D  ADDR  00D8H  NOT USED
CFINT. . . . . . . . . . . . . . . .  C  ADDR  0033H  NOT USED
CH . . . . . . . . . . . . . . . . .  D  ADDR  00F9H  NOT USED
CKCON. . . . . . . . . . . . . . . .  D  ADDR  008FH  NOT USED
CKCON0 . . . . . . . . . . . . . . .  D  ADDR  008FH  NOT USED
CKRL . . . . . . . . . . . . . . . .  D  ADDR  0097H  NOT USED
CKSEL. . . . . . . . . . . . . . . .  D  ADDR  0085H  NOT USED
CL . . . . . . . . . . . . . . . . .  D  ADDR  00E9H  NOT USED
CLKREG . . . . . . . . . . . . . . .  D  ADDR  008FH  NOT USED
CMOD . . . . . . . . . . . . . . . .  D  ADDR  00D9H  NOT USED
CONT . . . . . . . . . . . . . . . .  C  ADDR  82C3H
CPRL2. . . . . . . . . . . . . . . .  B  ADDR  00C8H  NOT USED
CR . . . . . . . . . . . . . . . . .  B  ADDR  00DEH  NOT USED
CT2. . . . . . . . . . . . . . . . .  B  ADDR  00C9H  NOT USED
CY . . . . . . . . . . . . . . . . .  B  ADDR  00D7H  NOT USED
DELAY. . . . . . . . . . . . . . . .  C  ADDR  8344H
DELAY1 . . . . . . . . . . . . . . .  C  ADDR  833BH
DISPLAY. . . . . . . . . . . . . . .  C  ADDR  82CAH
DLY. . . . . . . . . . . . . . . . .  C  ADDR  8346H
DP0H . . . . . . . . . . . . . . . .  D  ADDR  0083H  NOT USED
DP0L . . . . . . . . . . . . . . . .  D  ADDR  0082H  NOT USED
DP1H . . . . . . . . . . . . . . . .  D  ADDR  0085H  NOT USED
DP1L . . . . . . . . . . . . . . . .  D  ADDR  0084H  NOT USED
DPH. . . . . . . . . . . . . . . . .  D  ADDR  0083H  NOT USED
DPL. . . . . . . . . . . . . . . . .  D  ADDR  0082H  NOT USED
EA . . . . . . . . . . . . . . . . .  B  ADDR  00AFH  NOT USED
EC . . . . . . . . . . . . . . . . .  B  ADDR  00AEH  NOT USED
EECON. . . . . . . . . . . . . . . .  D  ADDR  0096H  NOT USED
ES . . . . . . . . . . . . . . . . .  B  ADDR  00ACH  NOT USED
ET0. . . . . . . . . . . . . . . . .  B  ADDR  00A9H  NOT USED
ET1. . . . . . . . . . . . . . . . .  B  ADDR  00ABH  NOT USED
ET2. . . . . . . . . . . . . . . . .  B  ADDR  00ADH  NOT USED
EX0. . . . . . . . . . . . . . . . .  B  ADDR  00A8H  NOT USED
EX1. . . . . . . . . . . . . . . . .  B  ADDR  00AAH  NOT USED
EXEN2. . . . . . . . . . . . . . . .  B  ADDR  00CBH  NOT USED
EXF2 . . . . . . . . . . . . . . . .  B  ADDR  00CEH  NOT USED
EXTI0. . . . . . . . . . . . . . . .  C  ADDR  0003H  NOT USED
EXTI1. . . . . . . . . . . . . . . .  C  ADDR  0013H  NOT USED
F0 . . . . . . . . . . . . . . . . .  B  ADDR  00D5H  NOT USED
FE . . . . . . . . . . . . . . . . .  B  ADDR  009FH  NOT USED
IE . . . . . . . . . . . . . . . . .  D  ADDR  00A8H  NOT USED
IE0. . . . . . . . . . . . . . . . .  B  ADDR  0089H  NOT USED
IE1. . . . . . . . . . . . . . . . .  B  ADDR  008BH  NOT USED
INT0 . . . . . . . . . . . . . . . .  B  ADDR  00B2H  NOT USED
INT1 . . . . . . . . . . . . . . . .  B  ADDR  00B3H  NOT USED
IP . . . . . . . . . . . . . . . . .  D  ADDR  00B8H  NOT USED
IPH. . . . . . . . . . . . . . . . .  D  ADDR  00B7H  NOT USED
IPH0 . . . . . . . . . . . . . . . .  D  ADDR  00B7H  NOT USED
IPH1 . . . . . . . . . . . . . . . .  D  ADDR  00B3H  NOT USED
IPL0 . . . . . . . . . . . . . . . .  D  ADDR  00B8H  NOT USED
IPL1 . . . . . . . . . . . . . . . .  D  ADDR  00B2H  NOT USED
IT0. . . . . . . . . . . . . . . . .  B  ADDR  0088H  NOT USED
IT1. . . . . . . . . . . . . . . . .  B  ADDR  008AH  NOT USED
KBE. . . . . . . . . . . . . . . . .  D  ADDR  009DH  NOT USED
KBF. . . . . . . . . . . . . . . . .  D  ADDR  009EH  NOT USED
KBLS . . . . . . . . . . . . . . . .  D  ADDR  009CH  NOT USED
KCODE0 . . . . . . . . . . . . . . .  C  ADDR  8100H
KCODE1 . . . . . . . . . . . . . . .  C  ADDR  8104H
KCODE2 . . . . . . . . . . . . . . .  C  ADDR  8108H
KCODE3 . . . . . . . . . . . . . . .  C  ADDR  810CH
KLOOP. . . . . . . . . . . . . . . .  C  ADDR  8236H
LOAD_DATA. . . . . . . . . . . . . .  C  ADDR  8291H
LOOP1. . . . . . . . . . . . . . . .  C  ADDR  833FH
LOOP2. . . . . . . . . . . . . . . .  C  ADDR  8341H  NOT USED
OSCCON . . . . . . . . . . . . . . .  D  ADDR  0086H  NOT USED
OV . . . . . . . . . . . . . . . . .  B  ADDR  00D2H  NOT USED
P. . . . . . . . . . . . . . . . . .  B  ADDR  00D0H  NOT USED
P0 . . . . . . . . . . . . . . . . .  D  ADDR  0080H  NOT USED
P1 . . . . . . . . . . . . . . . . .  D  ADDR  0090H
P1M1 . . . . . . . . . . . . . . . .  D  ADDR  00D4H  NOT USED
P1M2 . . . . . . . . . . . . . . . .  D  ADDR  00E2H  NOT USED
P2 . . . . . . . . . . . . . . . . .  D  ADDR  00A0H  NOT USED
P3 . . . . . . . . . . . . . . . . .  D  ADDR  00B0H  NOT USED
P3M1 . . . . . . . . . . . . . . . .  D  ADDR  00D5H  NOT USED
P3M2 . . . . . . . . . . . . . . . .  D  ADDR  00E3H  NOT USED
P4 . . . . . . . . . . . . . . . . .  D  ADDR  00C0H  NOT USED
P4M1 . . . . . . . . . . . . . . . .  D  ADDR  00D6H  NOT USED
P4M2 . . . . . . . . . . . . . . . .  D  ADDR  00E4H  NOT USED
P5 . . . . . . . . . . . . . . . . .  D  ADDR  00E8H  NOT USED
PC . . . . . . . . . . . . . . . . .  B  ADDR  00BEH  NOT USED
PCON . . . . . . . . . . . . . . . .  D  ADDR  0087H  NOT USED
PPCL . . . . . . . . . . . . . . . .  B  ADDR  00BEH  NOT USED
PRESSED. . . . . . . . . . . . . . .  C  ADDR  8245H
PS . . . . . . . . . . . . . . . . .  B  ADDR  00BCH  NOT USED
PSL. . . . . . . . . . . . . . . . .  B  ADDR  00BCH  NOT USED
PSW. . . . . . . . . . . . . . . . .  D  ADDR  00D0H  NOT USED
PT0. . . . . . . . . . . . . . . . .  B  ADDR  00B9H  NOT USED
PT0L . . . . . . . . . . . . . . . .  B  ADDR  00B9H  NOT USED
PT1. . . . . . . . . . . . . . . . .  B  ADDR  00BBH  NOT USED
PT1L . . . . . . . . . . . . . . . .  B  ADDR  00BBH  NOT USED
PT2. . . . . . . . . . . . . . . . .  B  ADDR  00BDH  NOT USED
PT2L . . . . . . . . . . . . . . . .  B  ADDR  00BDH  NOT USED
PX0. . . . . . . . . . . . . . . . .  B  ADDR  00B8H  NOT USED
PX0L . . . . . . . . . . . . . . . .  B  ADDR  00B8H  NOT USED
PX1. . . . . . . . . . . . . . . . .  B  ADDR  00BAH  NOT USED
PX1L . . . . . . . . . . . . . . . .  B  ADDR  00BAH  NOT USED
RB8. . . . . . . . . . . . . . . . .  B  ADDR  009AH  NOT USED
RCAP2H . . . . . . . . . . . . . . .  D  ADDR  00CBH  NOT USED
RCAP2L . . . . . . . . . . . . . . .  D  ADDR  00CAH  NOT USED
RCLK . . . . . . . . . . . . . . . .  B  ADDR  00CDH  NOT USED
RD . . . . . . . . . . . . . . . . .  B  ADDR  00B7H  NOT USED
RDPIN. . . . . . . . . . . . . . . .  N  NUMB  00B3H
READ . . . . . . . . . . . . . . . .  C  ADDR  82B2H
REN. . . . . . . . . . . . . . . . .  B  ADDR  009CH  NOT USED
RESET. . . . . . . . . . . . . . . .  C  ADDR  0000H  NOT USED
RI . . . . . . . . . . . . . . . . .  B  ADDR  0098H  NOT USED
ROW1 . . . . . . . . . . . . . . . .  C  ADDR  8259H
ROW2 . . . . . . . . . . . . . . . .  C  ADDR  826AH
ROW3 . . . . . . . . . . . . . . . .  C  ADDR  827BH
ROW4 . . . . . . . . . . . . . . . .  C  ADDR  828CH
RS0. . . . . . . . . . . . . . . . .  B  ADDR  00D3H  NOT USED
RS1. . . . . . . . . . . . . . . . .  B  ADDR  00D4H  NOT USED
RXD. . . . . . . . . . . . . . . . .  B  ADDR  00B0H  NOT USED
SADDR. . . . . . . . . . . . . . . .  D  ADDR  00A9H  NOT USED
SADDR_0. . . . . . . . . . . . . . .  D  ADDR  00A9H  NOT USED
SADDR_1. . . . . . . . . . . . . . .  D  ADDR  00AAH  NOT USED
SADEN. . . . . . . . . . . . . . . .  D  ADDR  00B9H  NOT USED
SADEN_0. . . . . . . . . . . . . . .  D  ADDR  00B9H  NOT USED
SADEN_1. . . . . . . . . . . . . . .  D  ADDR  00BAH  NOT USED
SBUF . . . . . . . . . . . . . . . .  D  ADDR  0099H  NOT USED
SCON . . . . . . . . . . . . . . . .  D  ADDR  0098H  NOT USED
SINT . . . . . . . . . . . . . . . .  C  ADDR  0023H  NOT USED
SM0. . . . . . . . . . . . . . . . .  B  ADDR  009FH  NOT USED
SM1. . . . . . . . . . . . . . . . .  B  ADDR  009EH  NOT USED
SM2. . . . . . . . . . . . . . . . .  B  ADDR  009DH  NOT USED
SP . . . . . . . . . . . . . . . . .  D  ADDR  0081H  NOT USED
SPCON. . . . . . . . . . . . . . . .  D  ADDR  00C3H  NOT USED
SPCR . . . . . . . . . . . . . . . .  D  ADDR  00D5H  NOT USED
SPDAT. . . . . . . . . . . . . . . .  D  ADDR  00C5H  NOT USED
SPDR . . . . . . . . . . . . . . . .  D  ADDR  0086H  NOT USED
SPSR . . . . . . . . . . . . . . . .  D  ADDR  00AAH  NOT USED
SPSTA. . . . . . . . . . . . . . . .  D  ADDR  00C4H  NOT USED
START. . . . . . . . . . . . . . . .  C  ADDR  8200H
T0 . . . . . . . . . . . . . . . . .  B  ADDR  00B4H  NOT USED
T1 . . . . . . . . . . . . . . . . .  B  ADDR  00B5H  NOT USED
T2CON. . . . . . . . . . . . . . . .  D  ADDR  00C8H  NOT USED
T2MOD. . . . . . . . . . . . . . . .  D  ADDR  00C9H  NOT USED
TB8. . . . . . . . . . . . . . . . .  B  ADDR  009BH  NOT USED
TCLK . . . . . . . . . . . . . . . .  B  ADDR  00CCH  NOT USED
TCON . . . . . . . . . . . . . . . .  D  ADDR  0088H  NOT USED
TF0. . . . . . . . . . . . . . . . .  B  ADDR  008DH  NOT USED
TF1. . . . . . . . . . . . . . . . .  B  ADDR  008FH  NOT USED
TF2. . . . . . . . . . . . . . . . .  B  ADDR  00CFH  NOT USED
TH0. . . . . . . . . . . . . . . . .  D  ADDR  008CH  NOT USED
TH1. . . . . . . . . . . . . . . . .  D  ADDR  008DH  NOT USED
TH2. . . . . . . . . . . . . . . . .  D  ADDR  00CDH  NOT USED
TI . . . . . . . . . . . . . . . . .  B  ADDR  0099H  NOT USED
TIMER0 . . . . . . . . . . . . . . .  C  ADDR  000BH  NOT USED
TIMER1 . . . . . . . . . . . . . . .  C  ADDR  001BH  NOT USED
TIMER2 . . . . . . . . . . . . . . .  C  ADDR  002BH  NOT USED
TL0. . . . . . . . . . . . . . . . .  D  ADDR  008AH  NOT USED
TL1. . . . . . . . . . . . . . . . .  D  ADDR  008BH  NOT USED
TL2. . . . . . . . . . . . . . . . .  D  ADDR  00CCH  NOT USED
TMOD . . . . . . . . . . . . . . . .  D  ADDR  0089H  NOT USED
TR0. . . . . . . . . . . . . . . . .  B  ADDR  008CH  NOT USED
TR1. . . . . . . . . . . . . . . . .  B  ADDR  008EH  NOT USED
TR2. . . . . . . . . . . . . . . . .  B  ADDR  00CAH  NOT USED
TXD. . . . . . . . . . . . . . . . .  B  ADDR  00B1H  NOT USED
WDTCON . . . . . . . . . . . . . . .  D  ADDR  00A7H  NOT USED
WDTPRG . . . . . . . . . . . . . . .  D  ADDR  00A7H  NOT USED
WDTRST . . . . . . . . . . . . . . .  D  ADDR  00A6H  NOT USED
WR . . . . . . . . . . . . . . . . .  B  ADDR  00B6H  NOT USED
WRITE. . . . . . . . . . . . . . . .  C  ADDR  82A3H
WRITE_C. . . . . . . . . . . . . . .  C  ADDR  82AAH
WRPIN. . . . . . . . . . . . . . . .  N  NUMB  00B2H